[debug] ----------------------------------------------------------------------
[debug] Command:      C:\Program Files\nodejs\node.exe C:\Users\KwoKWH\AppData\Roaming\npm\node_modules\firebase-tools\bin\firebase deploy --only functions
[debug] CLI Version:  3.6.1
[debug] Platform:     win32
[debug] Node Version: v7.2.1
[debug] Time:         Mon Apr 17 2017 02:01:18 GMT+0800 (China Standard Time)
[debug] ----------------------------------------------------------------------
[debug] 
[debug] > command requires scopes: ["email","openid","https://www.googleapis.com/auth/cloudplatformprojects.readonly","https://www.googleapis.com/auth/firebase","https://www.googleapis.com/auth/cloud-platform"]
[debug] >>> HTTP REQUEST GET https://admin.firebase.com/v1/projects/dreamertreasurehunt  
 Mon Apr 17 2017 02:01:18 GMT+0800 (China Standard Time)
[debug] <<< HTTP RESPONSE 200
[debug] >>> HTTP REQUEST GET https://admin.firebase.com/v1/database/dreamertreasurehunt/tokens  
 Mon Apr 17 2017 02:01:19 GMT+0800 (China Standard Time)
[debug] <<< HTTP RESPONSE 200
[info] 
[info] === Deploying to 'dreamertreasurehunt'...
[info] 
[info] i  deploying functions
[debug] > [functions] package.json contents: {
  "name": "functions",
  "description": "Cloud Functions for Firebase",
  "dependencies": {
    "firebase-admin": "~4.1.2",
    "firebase-functions": "^0.5"
  },
  "private": true
}
[info] i  functions: ensuring necessary APIs are enabled...
[info] i  runtimeconfig: ensuring necessary APIs are enabled...
[debug] >>> HTTP REQUEST GET https://servicemanagement.googleapis.com/v1/services/cloudfunctions.googleapis.com/projectSettings/dreamertreasurehunt?view=CONSUMER_VIEW  
 Mon Apr 17 2017 02:01:22 GMT+0800 (China Standard Time)
[debug] >>> HTTP REQUEST GET https://servicemanagement.googleapis.com/v1/services/runtimeconfig.googleapis.com/projectSettings/dreamertreasurehunt?view=CONSUMER_VIEW  
 Mon Apr 17 2017 02:01:22 GMT+0800 (China Standard Time)
[debug] <<< HTTP RESPONSE 200
[info] +  runtimeconfig: all necessary APIs are enabled
[debug] <<< HTTP RESPONSE 200
[info] +  functions: all necessary APIs are enabled
[debug] >>> HTTP REQUEST GET https://appengine.googleapis.com/v1/apps/dreamertreasurehunt  
 Mon Apr 17 2017 02:01:23 GMT+0800 (China Standard Time)
[debug] >>> HTTP REQUEST GET https://apikeys.googleapis.com/v1/projects/dreamertreasurehunt/apiKeys  
 Mon Apr 17 2017 02:01:23 GMT+0800 (China Standard Time)
[debug] <<< HTTP RESPONSE 200
[debug] <<< HTTP RESPONSE 200
[info] i  functions: preparing functions directory for uploading...
[debug] >>> HTTP REQUEST GET https://runtimeconfig.googleapis.com/v1beta1/projects/dreamertreasurehunt/configs  
 Mon Apr 17 2017 02:01:30 GMT+0800 (China Standard Time)
[debug] <<< HTTP RESPONSE 200
[debug] > [functions] runtime config materialized as: {
  "firebase": {
    "databaseURL": "https://dreamertreasurehunt.firebaseio.com",
    "storageBucket": "dreamertreasurehunt.appspot.com",
    "apiKey": "AIzaSyDREs2eoM03FLuffXRFjw6YwanSH9rldbM",
    "authDomain": "dreamertreasurehunt.firebaseapp.com"
  }
}
